2025-08-19T12:13:46: [AUTO-SETUP] Running initial setup...
2025-08-19T12:13:46: [AUTO-SETUP] Fixing camera permissions...
2025-08-19T12:13:49: ❌ USB port not found in gphoto2 output.
2025-08-19T12:13:49: [AUTO-SETUP] Building application...
2025-08-19T12:13:49: 
2025-08-19T12:13:49: > dclr-photoshoot@0.1.0 build
2025-08-19T12:13:49: > next build
2025-08-19T12:13:49: 
2025-08-19T12:13:49:    ▲ Next.js 15.2.0
2025-08-19T12:13:49:    - Environments: .env
2025-08-19T12:13:49: 
2025-08-19T12:13:49:    Creating an optimized production build ...
2025-08-19T12:13:54:  ✓ Compiled successfully
2025-08-19T12:13:54:    Linting and checking validity of types ...
2025-08-19T12:13:57:    Collecting page data ...
2025-08-19T12:13:58:    Generating static pages (0/7) ...
2025-08-19T12:13:58:    Generating static pages (1/7) 
2025-08-19T12:13:58:    Generating static pages (3/7) 
2025-08-19T12:13:58:    Generating static pages (5/7) 
2025-08-19T12:13:58:  ✓ Generating static pages (7/7)
2025-08-19T12:13:59:    Finalizing page optimization ...
2025-08-19T12:13:59:    Collecting build traces ...
