2025-08-19T12:16:17: [WORKER] Waiting for setup to complete...
2025-08-19T12:16:19: [WORKER] Waiting for setup to complete...
2025-08-19T12:16:21: [WORKER] Waiting for setup to complete...
2025-08-19T12:16:23: [WORKER] Waiting for setup to complete...
2025-08-19T12:16:25: [WORKER] Waiting for setup to complete...
2025-08-19T12:16:27: [WORKER] Waiting for setup to complete...
2025-08-19T12:16:29: [WORKER] Waiting for setup to complete...
2025-08-19T12:16:31: [WORKER] Waiting for setup to complete...
2025-08-19T12:16:33: [WORKER] Waiting for setup to complete...
2025-08-19T12:16:35: [WORKER] Waiting for setup to complete...
2025-08-19T12:16:37: [WORKER] Waiting for setup to complete...
2025-08-19T12:16:39: [WORKER] Waiting for setup to complete...
2025-08-19T12:16:41: [WORKER] Waiting for setup to complete...
2025-08-19T12:16:43: [WORKER] Setup detected, starting upload queue worker...
2025-08-19T12:16:44: 
2025-08-19T12:16:44: > dclr-photoshoot@0.1.0 start:worker
2025-08-19T12:16:44: > NODE_ENV=production ts-node --project tsconfig.server.json src/server/worker.ts
2025-08-19T12:16:44: 
2025-08-19T12:16:45: [WORKER] Starting upload queue worker...
2025-08-19T12:18:44: [WORKER] Setup detected, starting upload queue worker...
2025-08-19T12:18:44: 
2025-08-19T12:18:44: > dclr-photoshoot@0.1.0 start:worker
2025-08-19T12:18:44: > NODE_ENV=production ts-node --project tsconfig.server.json src/server/worker.ts
2025-08-19T12:18:44: 
2025-08-19T12:18:46: [WORKER] Starting upload queue worker...
2025-08-19T12:21:05: [WORKER] Setup detected, starting upload queue worker...
2025-08-19T12:21:05: 
2025-08-19T12:21:05: > dclr-photoshoot@0.1.0 start:worker
2025-08-19T12:21:05: > NODE_ENV=production ts-node --project tsconfig.server.json src/server/worker.ts
2025-08-19T12:21:05: 
2025-08-19T12:21:07: [WORKER] Starting upload queue worker...
2025-08-30T16:59:24: [WORKER] Setup detected, starting upload queue worker...
2025-08-30T16:59:24: 
2025-08-30T16:59:24: > dclr-photoshoot@0.1.0 start:worker
2025-08-30T16:59:24: > NODE_ENV=production ts-node --project tsconfig.server.json src/server/worker.ts
2025-08-30T16:59:24: 
2025-08-30T16:59:26: [WORKER] Starting upload queue worker...
2025-08-30T23:58:52: [WORKER] Setup detected, starting upload queue worker...
2025-08-30T23:58:52: 
2025-08-30T23:58:52: > dclr-photoshoot@0.1.0 start:worker
2025-08-30T23:58:52: > NODE_ENV=production ts-node --project tsconfig.server.json src/server/worker.ts
2025-08-30T23:58:52: 
2025-08-30T23:58:54: [WORKER] Starting upload queue worker...
2025-08-31T01:26:24: [WORKER] Setup detected, starting upload queue worker...
2025-08-31T01:26:24: 
2025-08-31T01:26:24: > dclr-photoshoot@0.1.0 start:worker
2025-08-31T01:26:24: > NODE_ENV=production ts-node --project tsconfig.server.json src/server/worker.ts
2025-08-31T01:26:24: 
2025-08-31T01:26:26: [WORKER] Starting upload queue worker...
2025-08-31T01:48:39: [WORKER] Setup detected, starting upload queue worker...
2025-08-31T01:48:39: 
2025-08-31T01:48:39: > dclr-photoshoot@0.1.0 start:worker
2025-08-31T01:48:39: > NODE_ENV=production ts-node --project tsconfig.server.json src/server/worker.ts
2025-08-31T01:48:39: 
2025-08-31T01:48:41: [WORKER] Starting upload queue worker...
2025-08-31T01:51:06: [WORKER] Setup detected, starting upload queue worker...
2025-08-31T01:51:06: 
2025-08-31T01:51:06: > dclr-photoshoot@0.1.0 start:worker
2025-08-31T01:51:06: > NODE_ENV=production ts-node --project tsconfig.server.json src/server/worker.ts
2025-08-31T01:51:06: 
2025-08-31T01:51:08: [WORKER] Starting upload queue worker...
2025-08-31T02:17:05: [WORKER] Setup detected, starting upload queue worker...
2025-08-31T02:17:05: 
2025-08-31T02:17:05: > dclr-photoshoot@0.1.0 start:worker
2025-08-31T02:17:05: > NODE_ENV=production ts-node --project tsconfig.server.json src/server/worker.ts
2025-08-31T02:17:05: 
2025-08-31T02:17:07: [WORKER] Starting upload queue worker...
2025-09-01T21:44:57: [WORKER] Setup detected, starting upload queue worker...
2025-09-01T21:44:57: 
2025-09-01T21:44:57: > dclr-photoshoot@0.1.0 start:worker
2025-09-01T21:44:57: > NODE_ENV=production ts-node --project tsconfig.server.json src/server/worker.ts
2025-09-01T21:44:57: 
2025-09-01T21:44:59: [WORKER] Starting upload queue worker...
2025-09-01T21:45:39: [WORKER] Setup detected, starting upload queue worker...
2025-09-01T21:45:39: 
2025-09-01T21:45:39: > dclr-photoshoot@0.1.0 start:worker
2025-09-01T21:45:39: > NODE_ENV=production ts-node --project tsconfig.server.json src/server/worker.ts
2025-09-01T21:45:39: 
2025-09-01T21:45:41: [WORKER] Starting upload queue worker...
2025-09-01T23:16:48: [WORKER] Setup detected, starting upload queue worker...
2025-09-01T23:16:48: 
2025-09-01T23:16:48: > dclr-photoshoot@0.1.0 start:worker
2025-09-01T23:16:48: > NODE_ENV=production ts-node --project tsconfig.server.json src/server/worker.ts
2025-09-01T23:16:48: 
2025-09-01T23:16:50: [WORKER] Starting upload queue worker...
2025-09-01T23:17:30: [WORKER] Setup detected, starting upload queue worker...
2025-09-01T23:17:30: 
2025-09-01T23:17:30: > dclr-photoshoot@0.1.0 start:worker
2025-09-01T23:17:30: > NODE_ENV=production ts-node --project tsconfig.server.json src/server/worker.ts
2025-09-01T23:17:30: 
2025-09-01T23:17:32: [WORKER] Starting upload queue worker...
2025-09-01T23:26:49: [WORKER] Setup detected, starting upload queue worker...
2025-09-01T23:26:49: 
2025-09-01T23:26:49: > dclr-photoshoot@0.1.0 start:worker
2025-09-01T23:26:49: > NODE_ENV=production ts-node --project tsconfig.server.json src/server/worker.ts
2025-09-01T23:26:49: 
2025-09-01T23:26:51: [WORKER] Starting upload queue worker...
2025-09-09T22:04:46: [WORKER] Setup detected, starting upload queue worker...
2025-09-09T22:04:46: 
2025-09-09T22:04:46: > dclr-photoshoot@0.1.0 start:worker
2025-09-09T22:04:46: > NODE_ENV=production ts-node --project tsconfig.server.json src/server/worker.ts
2025-09-09T22:04:46: 
2025-09-09T22:04:48: [WORKER] Starting upload queue worker...
2025-09-09T22:05:28: [WORKER] Setup detected, starting upload queue worker...
2025-09-09T22:05:28: 
2025-09-09T22:05:28: > dclr-photoshoot@0.1.0 start:worker
2025-09-09T22:05:28: > NODE_ENV=production ts-node --project tsconfig.server.json src/server/worker.ts
2025-09-09T22:05:28: 
2025-09-09T22:05:30: [WORKER] Starting upload queue worker...
2025-09-09T22:12:10: [WORKER] Setup detected, starting upload queue worker...
2025-09-09T22:12:10: 
2025-09-09T22:12:10: > dclr-photoshoot@0.1.0 start:worker
2025-09-09T22:12:10: > NODE_ENV=production ts-node --project tsconfig.server.json src/server/worker.ts
2025-09-09T22:12:10: 
2025-09-09T22:12:12: [WORKER] Starting upload queue worker...
2025-09-09T22:12:52: [WORKER] Setup detected, starting upload queue worker...
2025-09-09T22:12:52: 
2025-09-09T22:12:52: > dclr-photoshoot@0.1.0 start:worker
2025-09-09T22:12:52: > NODE_ENV=production ts-node --project tsconfig.server.json src/server/worker.ts
2025-09-09T22:12:52: 
2025-09-09T22:12:54: [WORKER] Starting upload queue worker...
2025-09-09T22:15:40: [WORKER] Setup detected, starting upload queue worker...
2025-09-09T22:15:40: 
2025-09-09T22:15:40: > dclr-photoshoot@0.1.0 start:worker
2025-09-09T22:15:40: > NODE_ENV=production ts-node --project tsconfig.server.json src/server/worker.ts
2025-09-09T22:15:40: 
2025-09-09T22:15:42: [WORKER] Starting upload queue worker...
2025-09-09T22:16:22: [WORKER] Setup detected, starting upload queue worker...
2025-09-09T22:16:22: 
2025-09-09T22:16:22: > dclr-photoshoot@0.1.0 start:worker
2025-09-09T22:16:22: > NODE_ENV=production ts-node --project tsconfig.server.json src/server/worker.ts
2025-09-09T22:16:22: 
2025-09-09T22:16:24: [WORKER] Starting upload queue worker...
2025-09-09T22:19:25: [WORKER] Setup detected, starting upload queue worker...
2025-09-09T22:19:25: 
2025-09-09T22:19:25: > dclr-photoshoot@0.1.0 start:worker
2025-09-09T22:19:25: > NODE_ENV=production ts-node --project tsconfig.server.json src/server/worker.ts
2025-09-09T22:19:25: 
2025-09-09T22:19:27: [WORKER] Starting upload queue worker...
2025-10-21T11:03:04: [WORKER] Setup detected, starting upload queue worker...
2025-10-21T11:03:04: 
2025-10-21T11:03:04: > dclr-photoshoot@0.1.0 start:worker
2025-10-21T11:03:04: > NODE_ENV=production ts-node --project tsconfig.server.json src/server/worker.ts
2025-10-21T11:03:04: 
2025-10-21T11:03:07: [WORKER] Starting upload queue worker...
2025-10-21T11:03:46: [WORKER] Setup detected, starting upload queue worker...
2025-10-21T11:03:46: 
2025-10-21T11:03:46: > dclr-photoshoot@0.1.0 start:worker
2025-10-21T11:03:46: > NODE_ENV=production ts-node --project tsconfig.server.json src/server/worker.ts
2025-10-21T11:03:46: 
2025-10-21T11:03:48: [WORKER] Starting upload queue worker...
2025-10-21T15:01:59: [WORKER] Setup detected, starting upload queue worker...
2025-10-21T15:01:59: 
2025-10-21T15:01:59: > dclr-photoshoot@0.1.0 start:worker
2025-10-21T15:01:59: > NODE_ENV=production ts-node --project tsconfig.server.json src/server/worker.ts
2025-10-21T15:01:59: 
2025-10-21T15:02:01: [WORKER] Starting upload queue worker...
2025-10-22T09:33:02: [WORKER] Setup detected, starting upload queue worker...
2025-10-22T09:33:02: 
2025-10-22T09:33:02: > dclr-photoshoot@0.1.0 start:worker
2025-10-22T09:33:02: > NODE_ENV=production ts-node --project tsconfig.server.json src/server/worker.ts
2025-10-22T09:33:02: 
2025-10-22T09:33:04: [WORKER] Starting upload queue worker...
2025-10-22T09:33:22: [WORKER] Setup detected, starting upload queue worker...
2025-10-22T09:33:22: 
2025-10-22T09:33:22: > dclr-photoshoot@0.1.0 start:worker
2025-10-22T09:33:22: > NODE_ENV=production ts-node --project tsconfig.server.json src/server/worker.ts
2025-10-22T09:33:22: 
2025-10-22T09:33:24: [WORKER] Starting upload queue worker...
